This is pdfTeX, Version 3.141592653-2.6-1.40.26 (TeX Live 2024) (preloaded format=pdflatex 2024.4.26)  31 MAY 2024 20:45
entering extended mode
 restricted \write18 enabled.
 %&-line parsing enabled.
**Final.tex
(./Final.tex
LaTeX2e <2023-11-01> patch level 1
L3 programming layer <2024-02-20>

(e:/shuxuejm/texlive/texlive/texlive-software/texlive/2024/texmf-dist/tex/latex
/base/article.cls
Document Class: article 2023/05/17 v1.4n Standard LaTeX document class

(e:/shuxuejm/texlive/texlive/texlive-software/texlive/2024/texmf-dist/tex/latex
/base/size12.clo
File: size12.clo 2023/05/17 v1.4n Standard LaTeX file (size option)
)
\c@part=\count188
\c@section=\count189
\c@subsection=\count190
\c@subsubsection=\count191
\c@paragraph=\count192
\c@subparagraph=\count193
\c@figure=\count194
\c@table=\count195
\abovecaptionskip=\skip48
\belowcaptionskip=\skip49
\bibindent=\dimen140
)
(e:/shuxuejm/texlive/texlive/texlive-software/texlive/2024/texmf-dist/tex/latex
/geometry/geometry.sty
Package: geometry 2020/01/02 v5.9 Page Geometry

(e:/shuxuejm/texlive/texlive/texlive-software/texlive/2024/texmf-dist/tex/latex
/graphics/keyval.sty
Package: keyval 2022/05/29 v1.15 key=value parser (DPC)
\KV@toks@=\toks17
)
(e:/shuxuejm/texlive/texlive/texlive-software/texlive/2024/texmf-dist/tex/gener
ic/iftex/ifvtex.sty
Package: ifvtex 2019/10/25 v1.7 ifvtex legacy package. Use iftex instead.

(e:/shuxuejm/texlive/texlive/texlive-software/texlive/2024/texmf-dist/tex/gener
ic/iftex/iftex.sty
Package: iftex 2022/02/03 v1.0f TeX engine tests
))
\Gm@cnth=\count196
\Gm@cntv=\count197
\c@Gm@tempcnt=\count198
\Gm@bindingoffset=\dimen141
\Gm@wd@mp=\dimen142
\Gm@odd@mp=\dimen143
\Gm@even@mp=\dimen144
\Gm@layoutwidth=\dimen145
\Gm@layoutheight=\dimen146
\Gm@layouthoffset=\dimen147
\Gm@layoutvoffset=\dimen148
\Gm@dimlist=\toks18
)
(e:/shuxuejm/texlive/texlive/texlive-software/texlive/2024/texmf-dist/tex/latex
/xcolor/xcolor.sty
Package: xcolor 2023/11/15 v3.01 LaTeX color extensions (UK)

(e:/shuxuejm/texlive/texlive/texlive-software/texlive/2024/texmf-dist/tex/latex
/graphics-cfg/color.cfg
File: color.cfg 2016/01/02 v1.6 sample color configuration
)
Package xcolor Info: Driver file: pdftex.def on input line 274.

(e:/shuxuejm/texlive/texlive/texlive-software/texlive/2024/texmf-dist/tex/latex
/graphics-def/pdftex.def
File: pdftex.def 2022/09/22 v1.2b Graphics/color driver for pdftex
)
(e:/shuxuejm/texlive/texlive/texlive-software/texlive/2024/texmf-dist/tex/latex
/graphics/mathcolor.ltx)
Package xcolor Info: Model `cmy' substituted by `cmy0' on input line 1350.
Package xcolor Info: Model `hsb' substituted by `rgb' on input line 1354.
Package xcolor Info: Model `RGB' extended on input line 1366.
Package xcolor Info: Model `HTML' substituted by `rgb' on input line 1368.
Package xcolor Info: Model `Hsb' substituted by `hsb' on input line 1369.
Package xcolor Info: Model `tHsb' substituted by `hsb' on input line 1370.
Package xcolor Info: Model `HSB' substituted by `hsb' on input line 1371.
Package xcolor Info: Model `Gray' substituted by `gray' on input line 1372.
Package xcolor Info: Model `wave' substituted by `hsb' on input line 1373.
)
(e:/shuxuejm/texlive/texlive/texlive-software/texlive/2024/texmf-dist/tex/latex
/colortbl/colortbl.sty
Package: colortbl 2024/02/20 v1.0g Color table columns (DPC)

(e:/shuxuejm/texlive/texlive/texlive-software/texlive/2024/texmf-dist/tex/latex
/tools/array.sty
Package: array 2023/10/16 v2.5g Tabular extension package (FMi)
\col@sep=\dimen149
\ar@mcellbox=\box51
\extrarowheight=\dimen150
\NC@list=\toks19
\extratabsurround=\skip50
\backup@length=\skip51
\ar@cellbox=\box52
)
\everycr=\toks20
\minrowclearance=\skip52
\rownum=\count199
)
(e:/shuxuejm/texlive/texlive/texlive-software/texlive/2024/texmf-dist/tex/latex
/newtx/newtxtext.sty
Package: newtxtext 2024/02/08 v1.738(Michael Sharpe) latex and unicode latex su
pport for TeXGyreTermesX

`newtxtext' v1.738, 2024/02/08 Text macros taking advantage of TeXGyre Termes a
nd its extensions (msharpe)
(e:/shuxuejm/texlive/texlive/texlive-software/texlive/2024/texmf-dist/tex/latex
/xpatch/xpatch.sty
(e:/shuxuejm/texlive/texlive/texlive-software/texlive/2024/texmf-dist/tex/latex
/l3kernel/expl3.sty
Package: expl3 2024-02-20 L3 programming layer (loader) 

(e:/shuxuejm/texlive/texlive/texlive-software/texlive/2024/texmf-dist/tex/latex
/l3backend/l3backend-pdftex.def
File: l3backend-pdftex.def 2024-02-20 L3 backend support: PDF output (pdfTeX)
\l__color_backend_stack_int=\count266
\l__pdf_internal_box=\box53
))
Package: xpatch 2020/03/25 v0.3a Extending etoolbox patching commands

(e:/shuxuejm/texlive/texlive/texlive-software/texlive/2024/texmf-dist/tex/latex
/l3packages/xparse/xparse.sty
Package: xparse 2024-02-18 L3 Experimental document command parser
)
(e:/shuxuejm/texlive/texlive/texlive-software/texlive/2024/texmf-dist/tex/latex
/etoolbox/etoolbox.sty
Package: etoolbox 2020/10/05 v2.5k e-TeX tools for LaTeX (JAW)
\etb@tempcnta=\count267
))
(e:/shuxuejm/texlive/texlive/texlive-software/texlive/2024/texmf-dist/tex/latex
/xkeyval/xkeyval.sty
Package: xkeyval 2022/06/16 v2.9 package option processing (HA)

(e:/shuxuejm/texlive/texlive/texlive-software/texlive/2024/texmf-dist/tex/gener
ic/xkeyval/xkeyval.tex
(e:/shuxuejm/texlive/texlive/texlive-software/texlive/2024/texmf-dist/tex/gener
ic/xkeyval/xkvutils.tex
\XKV@toks=\toks21
\XKV@tempa@toks=\toks22
)
\XKV@depth=\count268
File: xkeyval.tex 2014/12/03 v2.7a key=value parser (HA)
))
(e:/shuxuejm/texlive/texlive/texlive-software/texlive/2024/texmf-dist/tex/latex
/base/textcomp.sty
Package: textcomp 2020/02/02 v2.0n Standard LaTeX package
)
(e:/shuxuejm/texlive/texlive/texlive-software/texlive/2024/texmf-dist/tex/gener
ic/xstring/xstring.sty
(e:/shuxuejm/texlive/texlive/texlive-software/texlive/2024/texmf-dist/tex/gener
ic/xstring/xstring.tex
\xs_counta=\count269
\xs_countb=\count270
)
Package: xstring 2023/08/22 v1.86 String manipulations (CT)
)
(e:/shuxuejm/texlive/texlive/texlive-software/texlive/2024/texmf-dist/tex/latex
/base/ifthen.sty
Package: ifthen 2022/04/13 v1.1d Standard LaTeX ifthen package (DPC)
)
(e:/shuxuejm/texlive/texlive/texlive-software/texlive/2024/texmf-dist/tex/latex
/carlisle/scalefnt.sty)
LaTeX Font Info:    Setting ntxLF sub-encoding to TS1/0 on input line 24.
LaTeX Font Info:    Setting ntxTLF sub-encoding to TS1/0 on input line 24.
LaTeX Font Info:    Setting ntxOsF sub-encoding to TS1/0 on input line 24.
LaTeX Font Info:    Setting ntxTOsF sub-encoding to TS1/0 on input line 24.

(e:/shuxuejm/texlive/texlive/texlive-software/texlive/2024/texmf-dist/tex/gener
ic/kastrup/binhex.tex)
\ntx@tmpcnta=\count271
\ntx@cnt=\count272

(e:/shuxuejm/texlive/texlive/texlive-software/texlive/2024/texmf-dist/tex/latex
/fontaxes/fontaxes.sty
Package: fontaxes 2020/07/21 v1.0e Font selection axes
LaTeX Info: Redefining \upshape on input line 29.
LaTeX Info: Redefining \itshape on input line 31.
LaTeX Info: Redefining \slshape on input line 33.
LaTeX Info: Redefining \swshape on input line 35.
LaTeX Info: Redefining \scshape on input line 37.
LaTeX Info: Redefining \sscshape on input line 39.
LaTeX Info: Redefining \ulcshape on input line 41.
LaTeX Info: Redefining \textsw on input line 47.
LaTeX Info: Redefining \textssc on input line 48.
LaTeX Info: Redefining \textulc on input line 49.
)
\tx@sixem=\dimen151
\tx@y=\dimen152
\tx@x=\dimen153
\tx@tmpdima=\dimen154
\tx@tmpdimb=\dimen155
\tx@tmpdimc=\dimen156
\tx@tmpdimd=\dimen157
\tx@tmpdime=\dimen158
\tx@tmpdimf=\dimen159
\tx@dimA=\dimen160
\tx@dimAA=\dimen161
\tx@dimB=\dimen162
\tx@dimBB=\dimen163
\tx@dimC=\dimen164
LaTeX Info: Redefining \oldstylenums on input line 896.
)
(e:/shuxuejm/texlive/texlive/texlive-software/texlive/2024/texmf-dist/tex/latex
/amsmath/amsmath.sty
Package: amsmath 2023/05/13 v2.17o AMS math features
\@mathmargin=\skip53

For additional information on amsmath, use the `?' option.

(e:/shuxuejm/texlive/texlive/texlive-software/texlive/2024/texmf-dist/tex/latex
/amsmath/amstext.sty
Package: amstext 2021/08/26 v2.01 AMS text

(e:/shuxuejm/texlive/texlive/texlive-software/texlive/2024/texmf-dist/tex/latex
/amsmath/amsgen.sty
File: amsgen.sty 1999/11/30 v2.0 generic functions
\@emptytoks=\toks23
\ex@=\dimen165
))
(e:/shuxuejm/texlive/texlive/texlive-software/texlive/2024/texmf-dist/tex/latex
/amsmath/amsbsy.sty
Package: amsbsy 1999/11/29 v1.2d Bold Symbols
\pmbraise@=\dimen166
)
(e:/shuxuejm/texlive/texlive/texlive-software/texlive/2024/texmf-dist/tex/latex
/amsmath/amsopn.sty
Package: amsopn 2022/04/08 v2.04 operator names
)
\inf@bad=\count273
LaTeX Info: Redefining \frac on input line 234.
\uproot@=\count274
\leftroot@=\count275
LaTeX Info: Redefining \overline on input line 399.
LaTeX Info: Redefining \colon on input line 410.
\classnum@=\count276
\DOTSCASE@=\count277
LaTeX Info: Redefining \ldots on input line 496.
LaTeX Info: Redefining \dots on input line 499.
LaTeX Info: Redefining \cdots on input line 620.
\Mathstrutbox@=\box54
\strutbox@=\box55
LaTeX Info: Redefining \big on input line 722.
LaTeX Info: Redefining \Big on input line 723.
LaTeX Info: Redefining \bigg on input line 724.
LaTeX Info: Redefining \Bigg on input line 725.
\big@size=\dimen167
LaTeX Font Info:    Redeclaring font encoding OML on input line 743.
LaTeX Font Info:    Redeclaring font encoding OMS on input line 744.
\macc@depth=\count278
LaTeX Info: Redefining \bmod on input line 905.
LaTeX Info: Redefining \pmod on input line 910.
LaTeX Info: Redefining \smash on input line 940.
LaTeX Info: Redefining \relbar on input line 970.
LaTeX Info: Redefining \Relbar on input line 971.
\c@MaxMatrixCols=\count279
\dotsspace@=\muskip16
\c@parentequation=\count280
\dspbrk@lvl=\count281
\tag@help=\toks24
\row@=\count282
\column@=\count283
\maxfields@=\count284
\andhelp@=\toks25
\eqnshift@=\dimen168
\alignsep@=\dimen169
\tagshift@=\dimen170
\tagwidth@=\dimen171
\totwidth@=\dimen172
\lineht@=\dimen173
\@envbody=\toks26
\multlinegap=\skip54
\multlinetaggap=\skip55
\mathdisplay@stack=\toks27
LaTeX Info: Redefining \[ on input line 2953.
LaTeX Info: Redefining \] on input line 2954.
)
(e:/shuxuejm/texlive/texlive/texlive-software/texlive/2024/texmf-dist/tex/latex
/amsfonts/amssymb.sty
Package: amssymb 2013/01/14 v3.01 AMS font symbols

(e:/shuxuejm/texlive/texlive/texlive-software/texlive/2024/texmf-dist/tex/latex
/amsfonts/amsfonts.sty
Package: amsfonts 2013/01/14 v3.01 Basic AMSFonts support
\symAMSa=\mathgroup4
\symAMSb=\mathgroup5
LaTeX Font Info:    Redeclaring math symbol \hbar on input line 98.
LaTeX Font Info:    Overwriting math alphabet `\mathfrak' in version `bold'
(Font)                  U/euf/m/n --> U/euf/b/n on input line 106.
))
(e:/shuxuejm/texlive/texlive/texlive-software/texlive/2024/texmf-dist/tex/latex
/amscls/amsthm.sty
Package: amsthm 2020/05/29 v2.20.6
\thm@style=\toks28
\thm@bodyfont=\toks29
\thm@headfont=\toks30
\thm@notefont=\toks31
\thm@headpunct=\toks32
\thm@preskip=\skip56
\thm@postskip=\skip57
\thm@headsep=\skip58
\dth@everypar=\toks33
)
(e:/shuxuejm/texlive/texlive/texlive-software/texlive/2024/texmf-dist/tex/latex
/lipsum/lipsum.sty
(e:/shuxuejm/texlive/texlive/texlive-software/texlive/2024/texmf-dist/tex/latex
/l3packages/l3keys2e/l3keys2e.sty
Package: l3keys2e 2024-02-18 LaTeX2e option processing using LaTeX3 keys
)
Package: lipsum 2021-09-20 v2.7 150 paragraphs of Lorem Ipsum dummy text
\g__lipsum_par_int=\count285
\l__lipsum_a_int=\count286
\l__lipsum_b_int=\count287

(e:/shuxuejm/texlive/texlive/texlive-software/texlive/2024/texmf-dist/tex/latex
/lipsum/lipsum.ltd.tex))
(e:/shuxuejm/texlive/texlive/texlive-software/texlive/2024/texmf-dist/tex/latex
/multirow/multirow.sty
Package: multirow 2021/03/15 v2.8 Span multiple rows of a table
\multirow@colwidth=\skip59
\multirow@cntb=\count288
\multirow@dima=\skip60
\bigstrutjot=\dimen174
)
(e:/shuxuejm/texlive/texlive/texlive-software/texlive/2024/texmf-dist/tex/latex
/booktabs/booktabs.sty
Package: booktabs 2020/01/12 v1.61803398 Publication quality tables
\heavyrulewidth=\dimen175
\lightrulewidth=\dimen176
\cmidrulewidth=\dimen177
\belowrulesep=\dimen178
\belowbottomsep=\dimen179
\aboverulesep=\dimen180
\abovetopsep=\dimen181
\cmidrulesep=\dimen182
\cmidrulekern=\dimen183
\defaultaddspace=\dimen184
\@cmidla=\count289
\@cmidlb=\count290
\@aboverulesep=\dimen185
\@belowrulesep=\dimen186
\@thisruleclass=\count291
\@lastruleclass=\count292
\@thisrulewidth=\dimen187
)
(e:/shuxuejm/texlive/texlive/texlive-software/texlive/2024/texmf-dist/tex/latex
/float/float.sty
Package: float 2001/11/08 v1.3d Float enhancements (AL)
\c@float@type=\count293
\float@exts=\toks34
\float@box=\box56
\@float@everytoks=\toks35
\@floatcapt=\box57
)
(e:/shuxuejm/texlive/texlive/texlive-software/texlive/2024/texmf-dist/tex/latex
/listings/listings.sty
\lst@mode=\count294
\lst@gtempboxa=\box58
\lst@token=\toks36
\lst@length=\count295
\lst@currlwidth=\dimen188
\lst@column=\count296
\lst@pos=\count297
\lst@lostspace=\dimen189
\lst@width=\dimen190
\lst@newlines=\count298
\lst@lineno=\count299
\lst@maxwidth=\dimen191

(e:/shuxuejm/texlive/texlive/texlive-software/texlive/2024/texmf-dist/tex/latex
/listings/lstpatch.sty
File: lstpatch.sty 2024/02/21 1.10 (Carsten Heinz)
)
(e:/shuxuejm/texlive/texlive/texlive-software/texlive/2024/texmf-dist/tex/latex
/listings/lstmisc.sty
File: lstmisc.sty 2024/02/21 1.10 (Carsten Heinz)
\c@lstnumber=\count300
\lst@skipnumbers=\count301
\lst@framebox=\box59
)
(e:/shuxuejm/texlive/texlive/texlive-software/texlive/2024/texmf-dist/tex/latex
/listings/listings.cfg
File: listings.cfg 2024/02/21 1.10 listings configuration
))
Package: listings 2024/02/21 1.10 (Carsten Heinz)

(e:/shuxuejm/texlive/texlive/texlive-software/texlive/2024/texmf-dist/tex/latex
/appendix/appendix.sty
Package: appendix 2020/02/08 v1.2c extra appendix facilities
\c@@pps=\count302
\c@@ppsavesec=\count303
\c@@ppsaveapp=\count304
)
(e:/shuxuejm/texlive/texlive/texlive-software/texlive/2024/texmf-dist/tex/latex
/tocbibind/tocbibind.sty
Package: tocbibind 2010/10/13 v1.5k extra ToC listings
Package tocbibind Info: The document has section divisions on input line 50.


Package tocbibind Note: Using section or other style headings.

)
(e:/shuxuejm/texlive/texlive/texlive-software/texlive/2024/texmf-dist/tex/latex
/tools/indentfirst.sty
Package: indentfirst 2023/07/02 v1.03 Indent first paragraph (DPC)
)
(e:/shuxuejm/texlive/texlive/texlive-software/texlive/2024/texmf-dist/tex/latex
/graphics/graphicx.sty
Package: graphicx 2021/09/16 v1.2d Enhanced LaTeX Graphics (DPC,SPQR)

(e:/shuxuejm/texlive/texlive/texlive-software/texlive/2024/texmf-dist/tex/latex
/graphics/graphics.sty
Package: graphics 2022/03/10 v1.4e Standard LaTeX Graphics (DPC,SPQR)

(e:/shuxuejm/texlive/texlive/texlive-software/texlive/2024/texmf-dist/tex/latex
/graphics/trig.sty
Package: trig 2021/08/11 v1.11 sin cos tan (DPC)
)
(e:/shuxuejm/texlive/texlive/texlive-software/texlive/2024/texmf-dist/tex/latex
/graphics-cfg/graphics.cfg
File: graphics.cfg 2016/06/04 v1.11 sample graphics configuration
)
Package graphics Info: Driver file: pdftex.def on input line 107.
)
\Gin@req@height=\dimen192
\Gin@req@width=\dimen193
)
(e:/shuxuejm/texlive/texlive/texlive-software/texlive/2024/texmf-dist/tex/latex
/fancyhdr/fancyhdr.sty
Package: fancyhdr 2022/11/09 v4.1 Extensive control of page headers and footers

\f@nch@headwidth=\skip61
\f@nch@O@elh=\skip62
\f@nch@O@erh=\skip63
\f@nch@O@olh=\skip64
\f@nch@O@orh=\skip65
\f@nch@O@elf=\skip66
\f@nch@O@erf=\skip67
\f@nch@O@olf=\skip68
\f@nch@O@orf=\skip69
)
(e:/shuxuejm/texlive/texlive/texlive-software/texlive/2024/texmf-dist/tex/latex
/hyperref/hyperref.sty
Package: hyperref 2024-01-20 v7.01h Hypertext links for LaTeX

(e:/shuxuejm/texlive/texlive/texlive-software/texlive/2024/texmf-dist/tex/latex
/kvsetkeys/kvsetkeys.sty
Package: kvsetkeys 2022-10-05 v1.19 Key value parser (HO)
)
(e:/shuxuejm/texlive/texlive/texlive-software/texlive/2024/texmf-dist/tex/gener
ic/kvdefinekeys/kvdefinekeys.sty
Package: kvdefinekeys 2019-12-19 v1.6 Define keys (HO)
)
(e:/shuxuejm/texlive/texlive/texlive-software/texlive/2024/texmf-dist/tex/gener
ic/pdfescape/pdfescape.sty
Package: pdfescape 2019/12/09 v1.15 Implements pdfTeX's escape features (HO)

(e:/shuxuejm/texlive/texlive/texlive-software/texlive/2024/texmf-dist/tex/gener
ic/ltxcmds/ltxcmds.sty
Package: ltxcmds 2023-12-04 v1.26 LaTeX kernel commands for general use (HO)
)
(e:/shuxuejm/texlive/texlive/texlive-software/texlive/2024/texmf-dist/tex/gener
ic/pdftexcmds/pdftexcmds.sty
Package: pdftexcmds 2020-06-27 v0.33 Utility functions of pdfTeX for LuaTeX (HO
)

(e:/shuxuejm/texlive/texlive/texlive-software/texlive/2024/texmf-dist/tex/gener
ic/infwarerr/infwarerr.sty
Package: infwarerr 2019/12/03 v1.5 Providing info/warning/error messages (HO)
)
Package pdftexcmds Info: \pdf@primitive is available.
Package pdftexcmds Info: \pdf@ifprimitive is available.
Package pdftexcmds Info: \pdfdraftmode found.
))
(e:/shuxuejm/texlive/texlive/texlive-software/texlive/2024/texmf-dist/tex/latex
/hycolor/hycolor.sty
Package: hycolor 2020-01-27 v1.10 Color options for hyperref/bookmark (HO)
)
(e:/shuxuejm/texlive/texlive/texlive-software/texlive/2024/texmf-dist/tex/latex
/auxhook/auxhook.sty
Package: auxhook 2019-12-17 v1.6 Hooks for auxiliary files (HO)
)
(e:/shuxuejm/texlive/texlive/texlive-software/texlive/2024/texmf-dist/tex/latex
/hyperref/nameref.sty
Package: nameref 2023-11-26 v2.56 Cross-referencing by name of section

(e:/shuxuejm/texlive/texlive/texlive-software/texlive/2024/texmf-dist/tex/latex
/refcount/refcount.sty
Package: refcount 2019/12/15 v3.6 Data extraction from label references (HO)
)
(e:/shuxuejm/texlive/texlive/texlive-software/texlive/2024/texmf-dist/tex/gener
ic/gettitlestring/gettitlestring.sty
Package: gettitlestring 2019/12/15 v1.6 Cleanup title references (HO)

(e:/shuxuejm/texlive/texlive/texlive-software/texlive/2024/texmf-dist/tex/latex
/kvoptions/kvoptions.sty
Package: kvoptions 2022-06-15 v3.15 Key value format for package options (HO)
))
\c@section@level=\count305
)
\@linkdim=\dimen194
\Hy@linkcounter=\count306
\Hy@pagecounter=\count307

(e:/shuxuejm/texlive/texlive/texlive-software/texlive/2024/texmf-dist/tex/latex
/hyperref/pd1enc.def
File: pd1enc.def 2024-01-20 v7.01h Hyperref: PDFDocEncoding definition (HO)
Now handling font encoding PD1 ...
... no UTF-8 mapping file for font encoding PD1
)
(e:/shuxuejm/texlive/texlive/texlive-software/texlive/2024/texmf-dist/tex/gener
ic/intcalc/intcalc.sty
Package: intcalc 2019/12/15 v1.3 Expandable calculations with integers (HO)
)
\Hy@SavedSpaceFactor=\count308

(e:/shuxuejm/texlive/texlive/texlive-software/texlive/2024/texmf-dist/tex/latex
/hyperref/puenc.def
File: puenc.def 2024-01-20 v7.01h Hyperref: PDF Unicode definition (HO)
Now handling font encoding PU ...
... no UTF-8 mapping file for font encoding PU
)
Package hyperref Info: Hyper figures OFF on input line 4179.
Package hyperref Info: Link nesting OFF on input line 4184.
Package hyperref Info: Hyper index ON on input line 4187.
Package hyperref Info: Plain pages OFF on input line 4194.
Package hyperref Info: Backreferencing OFF on input line 4199.
Package hyperref Info: Implicit mode ON; LaTeX internals redefined.
Package hyperref Info: Bookmarks ON on input line 4446.
\c@Hy@tempcnt=\count309

(e:/shuxuejm/texlive/texlive/texlive-software/texlive/2024/texmf-dist/tex/latex
/url/url.sty
\Urlmuskip=\muskip17
Package: url 2013/09/16  ver 3.4  Verb mode for urls, etc.
)
LaTeX Info: Redefining \url on input line 4784.
\XeTeXLinkMargin=\dimen195

(e:/shuxuejm/texlive/texlive/texlive-software/texlive/2024/texmf-dist/tex/gener
ic/bitset/bitset.sty
Package: bitset 2019/12/09 v1.3 Handle bit-vector datatype (HO)

(e:/shuxuejm/texlive/texlive/texlive-software/texlive/2024/texmf-dist/tex/gener
ic/bigintcalc/bigintcalc.sty
Package: bigintcalc 2019/12/15 v1.5 Expandable calculations on big integers (HO
)
))
\Fld@menulength=\count310
\Field@Width=\dimen196
\Fld@charsize=\dimen197
Package hyperref Info: Hyper figures OFF on input line 6063.
Package hyperref Info: Link nesting OFF on input line 6068.
Package hyperref Info: Hyper index ON on input line 6071.
Package hyperref Info: backreferencing OFF on input line 6078.
Package hyperref Info: Link coloring OFF on input line 6083.
Package hyperref Info: Link coloring with OCG OFF on input line 6088.
Package hyperref Info: PDF/A mode OFF on input line 6093.

(e:/shuxuejm/texlive/texlive/texlive-software/texlive/2024/texmf-dist/tex/latex
/base/atbegshi-ltx.sty
Package: atbegshi-ltx 2021/01/10 v1.0c Emulation of the original atbegshi
package with kernel methods
)
\Hy@abspage=\count311
\c@Item=\count312
\c@Hfootnote=\count313
)
Package hyperref Info: Driver (autodetected): hpdftex.

(e:/shuxuejm/texlive/texlive/texlive-software/texlive/2024/texmf-dist/tex/latex
/hyperref/hpdftex.def
File: hpdftex.def 2024-01-20 v7.01h Hyperref driver for pdfTeX

(e:/shuxuejm/texlive/texlive/texlive-software/texlive/2024/texmf-dist/tex/latex
/base/atveryend-ltx.sty
Package: atveryend-ltx 2020/08/19 v1.0a Emulation of the original atveryend pac
kage
with kernel methods
)
\Fld@listcount=\count314
\c@bookmark@seq@number=\count315

(e:/shuxuejm/texlive/texlive/texlive-software/texlive/2024/texmf-dist/tex/latex
/rerunfilecheck/rerunfilecheck.sty
Package: rerunfilecheck 2022-07-10 v1.10 Rerun checks for auxiliary files (HO)

(e:/shuxuejm/texlive/texlive/texlive-software/texlive/2024/texmf-dist/tex/gener
ic/uniquecounter/uniquecounter.sty
Package: uniquecounter 2019/12/15 v1.4 Provide unlimited unique counter (HO)
)
Package uniquecounter Info: New unique counter `rerunfilecheck' on input line 2
85.
)
\Hy@SectionHShift=\skip70
)
(e:/shuxuejm/texlive/texlive/texlive-software/texlive/2024/texmf-dist/tex/latex
/subfigure/subfigure.sty
Package: subfigure 2002/03/15 v2.1.5 subfigure package
\subfigtopskip=\skip71
\subfigcapskip=\skip72
\subfigcaptopadj=\dimen198
\subfigbottomskip=\skip73
\subfigcapmargin=\dimen199
\subfiglabelskip=\skip74
\c@subfigure=\count316
\c@lofdepth=\count317
\c@subtable=\count318
\c@lotdepth=\count319

****************************************
* Local config file subfigure.cfg used *
****************************************

(e:/shuxuejm/texlive/texlive/texlive-software/texlive/2024/texmf-dist/tex/latex
/subfigure/subfigure.cfg)
\subfig@top=\skip75
\subfig@bottom=\skip76
)
(e:/shuxuejm/texlive/texlive/texlive-software/texlive/2024/texmf-dist/tex/latex
/pdfpages/pdfpages.sty
Package: pdfpages 2024/01/21 v0.5y Insert pages of external PDF documents (AM)

(e:/shuxuejm/texlive/texlive/texlive-software/texlive/2024/texmf-dist/tex/latex
/tools/calc.sty
Package: calc 2023/07/08 v4.3 Infix arithmetic (KKT,FJ)
\calc@Acount=\count320
\calc@Bcount=\count321
\calc@Adimen=\dimen256
\calc@Bdimen=\dimen257
\calc@Askip=\skip77
\calc@Bskip=\skip78
LaTeX Info: Redefining \setlength on input line 80.
LaTeX Info: Redefining \addtolength on input line 81.
\calc@Ccount=\count322
\calc@Cskip=\skip79
)
(e:/shuxuejm/texlive/texlive/texlive-software/texlive/2024/texmf-dist/tex/latex
/eso-pic/eso-pic.sty
Package: eso-pic 2023/05/03 v3.0c eso-pic (RN)
\ESO@tempdima=\dimen258
\ESO@tempdimb=\dimen259
)
\AM@pagewidth=\dimen260
\AM@pageheight=\dimen261
\AM@fboxrule=\dimen262

(e:/shuxuejm/texlive/texlive/texlive-software/texlive/2024/texmf-dist/tex/latex
/pdfpages/pppdftex.def
File: pppdftex.def 2024/01/21 v0.5y Pdfpages driver for pdfTeX (AM)
)
\pdfpages@includegraphics@status=\count323
\AM@pagebox=\box60
\AM@global@opts=\toks37
\AM@pagecnt=\count324
\AM@toc@title=\toks38
\AM@lof@heading=\toks39
\c@AM@survey=\count325
\AM@templatesizebox=\box61
)
(e:/shuxuejm/texlive/texlive/texlive-software/texlive/2024/texmf-dist/tex/latex
/tools/longtable.sty
Package: longtable 2023-11-01 v4.19 Multi-page Table package (DPC)
\LTleft=\skip80
\LTright=\skip81
\LTpre=\skip82
\LTpost=\skip83
\LTchunksize=\count326
\LTcapwidth=\dimen263
\LT@head=\box62
\LT@firsthead=\box63
\LT@foot=\box64
\LT@lastfoot=\box65
\LT@gbox=\box66
\LT@cols=\count327
\LT@rows=\count328
\c@LT@tables=\count329
\c@LT@chunks=\count330
\LT@p@ftn=\toks40
)
(e:/shuxuejm/texlive/texlive/texlive-software/texlive/2024/texmf-dist/tex/latex
/tabu/tabu.sty
Package: tabu 2019/01/11 v2.9 - flexible LaTeX tabulars (FC+tabu-fixed)

(e:/shuxuejm/texlive/texlive/texlive-software/texlive/2024/texmf-dist/tex/latex
/varwidth/varwidth.sty
Package: varwidth 2009/03/30 ver 0.92;  Variable-width minipages
\@vwid@box=\box67
\sift@deathcycles=\count331
\@vwid@loff=\dimen264
\@vwid@roff=\dimen265
)
\c@taburow=\count332
\tabu@nbcols=\count333
\tabu@cnt=\count334
\tabu@Xcol=\count335
\tabu@alloc=\count336
\tabu@nested=\count337
\tabu@target=\dimen266
\tabu@spreadtarget=\dimen267
\tabu@naturalX=\dimen268
\tabucolX=\dimen269
\tabu@Xsum=\dimen270
\extrarowdepth=\dimen271
\abovetabulinesep=\dimen272
\belowtabulinesep=\dimen273
\tabustrutrule=\dimen274
\tabu@thebody=\toks41
\tabu@footnotes=\toks42
\tabu@box=\box68
\tabu@arstrutbox=\box69
\tabu@hleads=\box70
\tabu@vleads=\box71
\tabu@cellskip=\skip84
)
(e:/shuxuejm/texlive/texlive/texlive-software/texlive/2024/texmf-dist/tex/latex
/threeparttable/threeparttable.sty
Package: threeparttable 2003/06/13  v 3.0
\@tempboxb=\box72
)
(e:/shuxuejm/texlive/texlive/texlive-software/texlive/2024/texmf-dist/tex/latex
/paralist/paralist.sty
Package: paralist 2017/01/22 v2.7 Extended list environments
\pltopsep=\skip85
\plpartopsep=\skip86
\plitemsep=\skip87
\plparsep=\skip88
\pl@lab=\toks43
)
(e:/shuxuejm/texlive/texlive/texlive-software/texlive/2024/texmf-dist/tex/latex
/setspace/setspace.sty
Package: setspace 2022/12/04 v6.7b set line spacing
)
(e:/shuxuejm/texlive/texlive/texlive-software/texlive/2024/texmf-dist/tex/latex
/tools/tabularx.sty
Package: tabularx 2023/07/08 v2.11c `tabularx' package (DPC)
\TX@col@width=\dimen275
\TX@old@table=\dimen276
\TX@old@col=\dimen277
\TX@target=\dimen278
\TX@delta=\dimen279
\TX@cols=\count338
\TX@ftn=\toks44
)
Package hyperref Info: Option `colorlinks' set `true' on input line 46.
Package hyperref Info: Option `breaklinks' set `true' on input line 46.

(e:/shuxuejm/texlive/texlive/texlive-software/texlive/2024/texmf-dist/tex/latex
/makecell/makecell.sty
Package: makecell 2009/08/03 V0.1e Managing of Tab Column Heads and Cells
\rotheadsize=\dimen280
\c@nlinenum=\count339
\TeXr@lab=\toks45
)
(e:/shuxuejm/texlive/texlive/texlive-software/texlive/2024/texmf-dist/tex/latex
/lastpage/lastpage.sty
Package: lastpage 2023/10/14 v2.0e lastpage: 2.09 or 2e? (HMM)

(e:/shuxuejm/texlive/texlive/texlive-software/texlive/2024/texmf-dist/tex/latex
/lastpage/lastpage2e.sty
Package: lastpage2e 2023/10/14 v2.0e Decide which 2e lastpage version to use (H
MM)

(e:/shuxuejm/texlive/texlive/texlive-software/texlive/2024/texmf-dist/tex/latex
/lastpage/lastpagemodern.sty
Package: lastpagemodern 2023-10-14 v2.0e Refers to last page's name (HMM; JPG)
\c@lastpagecount=\count340
) 
))
\c@prefix=\count341
LaTeX Font Info:    Trying to load font information for OT1+ntxtlf on input lin
e 69.

(e:/shuxuejm/texlive/texlive/texlive-software/texlive/2024/texmf-dist/tex/latex
/newtx/ot1ntxtlf.fd
File: ot1ntxtlf.fd 2021/05/24 v1.0 font definition file for OT1/ntx/tlf
)
LaTeX Font Info:    Font shape `OT1/ntxtlf/m/n' will be
(Font)              scaled to size 12.0pt on input line 69.
 (./Final.aux

LaTeX Warning: Label `w' multiply defined.

)
\openout1 = `Final.aux'.

LaTeX Font Info:    Checking defaults for OML/cmm/m/it on input line 69.
LaTeX Font Info:    ... okay on input line 69.
LaTeX Font Info:    Checking defaults for OMS/cmsy/m/n on input line 69.
LaTeX Font Info:    ... okay on input line 69.
LaTeX Font Info:    Checking defaults for OT1/cmr/m/n on input line 69.
LaTeX Font Info:    ... okay on input line 69.
LaTeX Font Info:    Checking defaults for T1/cmr/m/n on input line 69.
LaTeX Font Info:    ... okay on input line 69.
LaTeX Font Info:    Checking defaults for TS1/cmr/m/n on input line 69.
LaTeX Font Info:    ... okay on input line 69.
LaTeX Font Info:    Checking defaults for OMX/cmex/m/n on input line 69.
LaTeX Font Info:    ... okay on input line 69.
LaTeX Font Info:    Checking defaults for U/cmr/m/n on input line 69.
LaTeX Font Info:    ... okay on input line 69.
LaTeX Font Info:    Checking defaults for PD1/pdf/m/n on input line 69.
LaTeX Font Info:    ... okay on input line 69.
LaTeX Font Info:    Checking defaults for PU/pdf/m/n on input line 69.
LaTeX Font Info:    ... okay on input line 69.

*geometry* driver: auto-detecting
*geometry* detected driver: pdftex
*geometry* verbose mode - [ preamble ] result:
* driver: pdftex
* paper: <default>
* layout: <same size as paper>
* layoutoffset:(h,v)=(0.0pt,0.0pt)
* modes: 
* h-part:(L,W,R)=(72.26999pt, 487.82251pt, 54.2025pt)
* v-part:(T,H,B)=(72.26999pt, 650.43001pt, 72.26999pt)
* \paperwidth=614.295pt
* \paperheight=794.96999pt
* \textwidth=487.82251pt
* \textheight=650.43001pt
* \oddsidemargin=0.0pt
* \evensidemargin=0.0pt
* \topmargin=-37.0pt
* \headheight=15.0pt
* \headsep=25.0pt
* \topskip=12.0pt
* \footskip=30.0pt
* \marginparwidth=44.0pt
* \marginparsep=10.0pt
* \columnsep=10.0pt
* \skip\footins=10.8pt plus 4.0pt minus 2.0pt
* \hoffset=0.0pt
* \voffset=0.0pt
* \mag=1000
* \@twocolumnfalse
* \@twosidefalse
* \@mparswitchfalse
* \@reversemarginfalse
* (1in=72.27pt=25.4mm, 1cm=28.453pt)


(e:/shuxuejm/texlive/texlive/texlive-software/texlive/2024/texmf-dist/tex/conte
xt/base/mkii/supp-pdf.mkii
[Loading MPS to PDF converter (version 2006.09.02).]
\scratchcounter=\count342
\scratchdimen=\dimen281
\scratchbox=\box73
\nofMPsegments=\count343
\nofMParguments=\count344
\everyMPshowfont=\toks46
\MPscratchCnt=\count345
\MPscratchDim=\dimen282
\MPnumerator=\count346
\makeMPintoPDFobject=\count347
\everyMPtoPDFconversion=\toks47
)
(e:/shuxuejm/texlive/texlive/texlive-software/texlive/2024/texmf-dist/tex/latex
/epstopdf-pkg/epstopdf-base.sty
Package: epstopdf-base 2020-01-24 v2.11 Base part for package epstopdf
Package epstopdf-base Info: Redefining graphics rule for `.eps' on input line 4
85.

(e:/shuxuejm/texlive/texlive/texlive-software/texlive/2024/texmf-dist/tex/latex
/latexconfig/epstopdf-sys.cfg
File: epstopdf-sys.cfg 2010/07/13 v1.3 Configuration of (r)epstopdf for TeX Liv
e
))
\c@mv@tabular=\count348
\c@mv@boldtabular=\count349
\c@lstlisting=\count350
Package hyperref Info: Link coloring ON on input line 69.
 (./Final.out) (./Final.out)
\@outlinefile=\write3
\openout3 = `Final.out'.


(e:/shuxuejm/texlive/texlive/texlive-software/texlive/2024/texmf-dist/tex/latex
/pdflscape/pdflscape.sty
Package: pdflscape 2022-10-27 v0.13 Display of landscape pages in PDF

(e:/shuxuejm/texlive/texlive/texlive-software/texlive/2024/texmf-dist/tex/latex
/pdflscape/pdflscape-nometadata.sty
Package: pdflscape-nometadata 2022-10-28 v0.13 Display of landscape pages in PD
F (HO)

(e:/shuxuejm/texlive/texlive/texlive-software/texlive/2024/texmf-dist/tex/latex
/graphics/lscape.sty
Package: lscape 2020/05/28 v3.02 Landscape Pages (DPC)
)
Package pdflscape Info: Auto-detected driver: pdftex on input line 81.
))
LaTeX Font Info:    Trying to load font information for U+msa on input line 79.


(e:/shuxuejm/texlive/texlive/texlive-software/texlive/2024/texmf-dist/tex/latex
/amsfonts/umsa.fd
File: umsa.fd 2013/01/14 v3.01 AMS symbols A
)
LaTeX Font Info:    Trying to load font information for U+msb on input line 79.


(e:/shuxuejm/texlive/texlive/texlive-software/texlive/2024/texmf-dist/tex/latex
/amsfonts/umsb.fd
File: umsb.fd 2013/01/14 v3.01 AMS symbols B
)
LaTeX Font Info:    Font shape `OT1/ntxtlf/b/n' will be
(Font)              scaled to size 12.0pt on input line 79.
LaTeX Font Info:    Font shape `OT1/ntxtlf/m/n' will be
(Font)              scaled to size 17.28pt on input line 79.
LaTeX Font Info:    Font shape `OT1/ntxtlf/m/n' will be
(Font)              scaled to size 20.74pt on input line 85.
 [1

{e:/shuxuejm/texlive/texlive/texlive-software/texlive/2024/texmf-var/fonts/map/
pdftex/updmap/pdftex.map}{e:/shuxuejm/texlive/texlive/texlive-software/texlive/
2024/texmf-dist/fonts/enc/dvips/newtx/ntx-ot1-tlf.enc}]
LaTeX Font Info:    Font shape `OT1/ntxtlf/b/n' will be
(Font)              scaled to size 17.28pt on input line 133.

(./Final.toc [2

])
\tf@toc=\write4
\openout4 = `Final.toc'.

 [3]
LaTeX Font Info:    Font shape `OT1/ntxtlf/m/n' will be
(Font)              scaled to size 14.4pt on input line 139.
LaTeX Font Info:    Font shape `OT1/ntxtlf/b/n' will be
(Font)              scaled to size 14.4pt on input line 139.

Underfull \hbox (badness 10000) in paragraph at lines 140--141

 []

<figure//pp.jpg, id=224, 1218.05063pt x 361.72641pt>
File: figure//pp.jpg Graphic file (type jpg)
<use figure//pp.jpg>
Package pdftex.def Info: figure//pp.jpg  used on input line 144.
(pdftex.def)             Requested size: 426.32411pt x 126.60614pt.
LaTeX Font Info:    Trying to load font information for TS1+ntxtlf on input lin
e 157.

(e:/shuxuejm/texlive/texlive/texlive-software/texlive/2024/texmf-dist/tex/latex
/newtx/ts1ntxtlf.fd
File: ts1ntxtlf.fd 2015/01/18 v1.0 fd file for TS1/ntxtlf
)
LaTeX Font Info:    Font shape `TS1/ntxtlf/m/n' will be
(Font)              scaled to size 12.0pt on input line 157.
 [4{e:/shuxuejm/texlive/texlive/texlive-software/texlive/2024/texmf-dist/fonts/
enc/dvips/tex-gyre/q-ts1.enc} <./figure//pp.jpg>]
<figure//work.jpg, id=233, 963.6pt x 542.025pt>
File: figure//work.jpg Graphic file (type jpg)
<use figure//work.jpg>
Package pdftex.def Info: figure//work.jpg  used on input line 175.
(pdftex.def)             Requested size: 520.33626pt x 292.68913pt.

Overfull \hbox (32.51375pt too wide) in paragraph at lines 175--176
 [][] 
 []


Underfull \hbox (badness 10000) in paragraph at lines 210--212

 []

[5

 <./figure//work.jpg>]
LaTeX Font Info:    Font shape `OT1/ntxtlf/m/n' will be
(Font)              scaled to size 8.0pt on input line 249.
LaTeX Font Info:    Font shape `OT1/ntxtlf/m/n' will be
(Font)              scaled to size 6.0pt on input line 249.
<figure//pk.jpg, id=245, 963.6pt x 542.025pt>
File: figure//pk.jpg Graphic file (type jpg)
<use figure//pk.jpg>
Package pdftex.def Info: figure//pk.jpg  used on input line 258.
(pdftex.def)             Requested size: 520.33626pt x 292.68913pt.

Overfull \hbox (32.51375pt too wide) in paragraph at lines 258--261
 [][] 
 []

[6]
<figure//pca1.png, id=257, 552.94078pt x 395.22656pt>
File: figure//pca1.png Graphic file (type png)
<use figure//pca1.png>
Package pdftex.def Info: figure//pca1.png  used on input line 274.
(pdftex.def)             Requested size: 276.46971pt x 197.6128pt.
 [7 <./figure//pk.jpg>]
Underfull \hbox (badness 10000) in paragraph at lines 313--314

 []

<figure//hot1.jpg, id=270, 792.33516pt x 532.99126pt>
File: figure//hot1.jpg Graphic file (type jpg)
<use figure//hot1.jpg>
Package pdftex.def Info: figure//hot1.jpg  used on input line 323.
(pdftex.def)             Requested size: 256.0748pt x 172.26044pt.
LaTeX Font Info:    Font shape `OT1/ntxtlf/m/n' will be
(Font)              scaled to size 10.0pt on input line 323.
<figure//hot2.jpg, id=271, 792.33516pt x 532.99126pt>
File: figure//hot2.jpg Graphic file (type jpg)
<use figure//hot2.jpg>
Package pdftex.def Info: figure//hot2.jpg  used on input line 326.
(pdftex.def)             Requested size: 256.0748pt x 172.26044pt.

Overfull \hbox (30.32709pt too wide) in paragraph at lines 323--327
 [][][][] 
 []

[8 <./figure//pca1.png>]
Underfull \hbox (badness 10000) in paragraph at lines 344--346

 []

[9 <./figure//hot1.jpg> <./figure//hot2.jpg>]
LaTeX Font Info:    Font shape `OT1/ntxtlf/m/n' will be
(Font)              scaled to size 9.0pt on input line 366.

Overfull \hbox (19.36516pt too wide) in paragraph at lines 363--435
[][] [] 
 []

<figure//p1r.png, id=295, 722.7pt x 361.35pt>
File: figure//p1r.png Graphic file (type png)
<use figure//p1r.png>
Package pdftex.def Info: figure//p1r.png  used on input line 461.
(pdftex.def)             Requested size: 361.3491pt x 180.67456pt.
[10]
<figure//1r3.jpg, id=308, 963.6pt x 542.025pt>
File: figure//1r3.jpg Graphic file (type jpg)
<use figure//1r3.jpg>
Package pdftex.def Info: figure//1r3.jpg  used on input line 485.
(pdftex.def)             Requested size: 481.79883pt x 271.01183pt.
 [11 <./figure//p1r.png>] [12 <./figure//1r3.jpg>]
LaTeX Font Info:    Font shape `OT1/ntxtlf/m/it' will be
(Font)              scaled to size 12.0pt on input line 542.


LaTeX Warning: `h' float specifier changed to `ht'.

[13] [14]
<figure//sl.jpg, id=342, 942.14484pt x 561.22173pt>
File: figure//sl.jpg Graphic file (type jpg)
<use figure//sl.jpg>
Package pdftex.def Info: figure//sl.jpg  used on input line 603.
(pdftex.def)             Requested size: 395.69814pt x 235.71152pt.

Underfull \hbox (badness 10000) in paragraph at lines 610--611

 []


Underfull \hbox (badness 10000) in paragraph at lines 612--613

 []


Underfull \hbox (badness 10000) in paragraph at lines 617--623

 []

[15 <./figure//sl.jpg>]
Package textcomp Info: Symbol \texttwosuperior not provided by
(textcomp)             font family ntxtlf in TS1 encoding.
(textcomp)             Default family used instead on input line 634.
Package textcomp Info: Symbol \texttwosuperior not provided by
(textcomp)             font family ntxtlf in TS1 encoding.
(textcomp)             Default family used instead on input line 634.
Package textcomp Info: Symbol \texttwosuperior not provided by
(textcomp)             font family ntxtlf in TS1 encoding.
(textcomp)             Default family used instead on input line 634.
<figure//sl2.png, id=350, 722.7pt x 433.62pt>
File: figure//sl2.png Graphic file (type png)
<use figure//sl2.png>
Package pdftex.def Info: figure//sl2.png  used on input line 638.
(pdftex.def)             Requested size: 361.3491pt x 216.80946pt.
 [16{e:/shuxuejm/texlive/texlive/texlive-software/texlive/2024/texmf-dist/fonts
/enc/dvips/cm-super/cm-super-ts1.enc} <./figure//sl2.png>]
<figure//zzd.png, id=362, 1002.74625pt x 426.84468pt>
File: figure//zzd.png Graphic file (type png)
<use figure//zzd.png>
Package pdftex.def Info: figure//zzd.png  used on input line 668.
(pdftex.def)             Requested size: 401.0914pt x 170.73485pt.
 [17 <./figure//zzd.png>] [18]
Underfull \hbox (badness 10000) in paragraph at lines 746--747

 []

<figure//sl3.png, id=381, 722.7pt x 433.62pt>
File: figure//sl3.png Graphic file (type png)
<use figure//sl3.png>
Package pdftex.def Info: figure//sl3.png  used on input line 752.
(pdftex.def)             Requested size: 404.70923pt x 242.82555pt.
[19 <./figure//sl3.png>]
<figure//mg1.png, id=394, 501.875pt x 301.125pt>
File: figure//mg1.png Graphic file (type png)
<use figure//mg1.png>
Package pdftex.def Info: figure//mg1.png  used on input line 765.
(pdftex.def)             Requested size: 316.1829pt x 189.70975pt.
 [20 <./figure//mg1.png>]
<figure//mg2.png, id=404, 501.875pt x 301.125pt>
File: figure//mg2.png Graphic file (type png)
<use figure//mg2.png>
Package pdftex.def Info: figure//mg2.png  used on input line 784.
(pdftex.def)             Requested size: 316.1829pt x 189.70975pt.
 [21

 <./figure//mg2.png>]
[22] (./Final.bbl) [23

]
Overfull \hbox (8.67432pt too wide) in paragraph at lines 892--942
 [][] 
 []


Overfull \hbox (8.67432pt too wide) in paragraph at lines 892--942
 [] 
 []


Overfull \hbox (8.67432pt too wide) in paragraph at lines 892--942
 [] 
 []


Overfull \hbox (8.67432pt too wide) in paragraph at lines 892--942
 [] 
 []


Overfull \hbox (8.67432pt too wide) in paragraph at lines 892--942
 [] 
 []


Overfull \hbox (8.67432pt too wide) in paragraph at lines 892--942
 [] 
 []


Overfull \hbox (8.67432pt too wide) in paragraph at lines 953--980
 [][] 
 []


Overfull \hbox (8.67432pt too wide) in paragraph at lines 953--980
 [] 
 []


Overfull \hbox (8.67432pt too wide) in paragraph at lines 953--980
 [] 
 []


Overfull \hbox (8.67432pt too wide) in paragraph at lines 981--994
 [][] 
 []


Overfull \hbox (8.67432pt too wide) in paragraph at lines 981--994
 [] 
 []

[24

] [25] 
enddocument/afterlastpage: lastpage setting LastPage.
(./Final.aux)
 ***********
LaTeX2e <2023-11-01> patch level 1
L3 programming layer <2020/03/25>
 ***********


LaTeX Warning: There were multiply-defined labels.

Package rerunfilecheck Info: File `Final.out' has not changed.
(rerunfilecheck)             Checksum: A28CC51C77C70E16634C68389CC2FAAD;7479.
 ) 
Here is how much of TeX's memory you used:
 17244 strings out of 476023
 280994 string characters out of 5787492
 1949190 words of memory out of 5000000
 38915 multiletter control sequences out of 15000+600000
 584532 words of font info for 95 fonts, out of 8000000 for 9000
 36 hyphenation exceptions out of 8191
 80i,13n,93p,900b,571s stack positions out of 10000i,1000n,20000p,200000b,200000s
<e:/shuxuejm/texlive/texlive/texlive-software/texlive/2024/texmf-dist/fonts/t
ype1/public/amsfonts/cm/cmex10.pfb><e:/shuxuejm/texlive/texlive/texlive-softwar
e/texlive/2024/texmf-dist/fonts/type1/public/amsfonts/cm/cmmi12.pfb><e:/shuxuej
m/texlive/texlive/texlive-software/texlive/2024/texmf-dist/fonts/type1/public/a
msfonts/cm/cmmi8.pfb><e:/shuxuejm/texlive/texlive/texlive-software/texlive/2024
/texmf-dist/fonts/type1/public/amsfonts/cm/cmr12.pfb><e:/shuxuejm/texlive/texli
ve/texlive-software/texlive/2024/texmf-dist/fonts/type1/public/amsfonts/cm/cmr8
.pfb><e:/shuxuejm/texlive/texlive/texlive-software/texlive/2024/texmf-dist/font
s/type1/public/amsfonts/cm/cmsy10.pfb><e:/shuxuejm/texlive/texlive/texlive-soft
ware/texlive/2024/texmf-dist/fonts/type1/public/tex-gyre/qtmr.pfb><e:/shuxuejm/
texlive/texlive/texlive-software/texlive/2024/texmf-dist/fonts/type1/public/cm-
super/sfrm1200.pfb><e:/shuxuejm/texlive/texlive/texlive-software/texlive/2024/t
exmf-dist/fonts/type1/public/newtx/ztmb.pfb><e:/shuxuejm/texlive/texlive/texliv
e-software/texlive/2024/texmf-dist/fonts/type1/public/newtx/ztmr.pfb><e:/shuxue
jm/texlive/texlive/texlive-software/texlive/2024/texmf-dist/fonts/type1/public/
newtx/ztmri.pfb>
Output written on Final.pdf (25 pages, 3869782 bytes).
PDF statistics:
 510 PDF objects out of 1000 (max. 8388607)
 435 compressed objects within 5 object streams
 110 named destinations out of 1000 (max. 500000)
 383 words of extra memory for PDF output out of 10000 (max. 10000000)

